# gmm-est --write-occs=exp/mono/23.occs --mix-up=721 --power=0.25 exp/mono/22.mdl "gmm-sum-accs - exp/mono/22.*.acc|" exp/mono/23.mdl 
# Started at Mon Oct  1 02:14:44 CST 2018
#
gmm-est --write-occs=exp/mono/23.occs --mix-up=721 --power=0.25 exp/mono/22.mdl 'gmm-sum-accs - exp/mono/22.*.acc|' exp/mono/23.mdl 
gmm-sum-accs - exp/mono/22.1.acc 
LOG (gmm-sum-accs[5.5.49~4-396c7]:main():gmm-sum-accs.cc:63) Summed 1 stats, total count 20772, avg like/frame -82.4795
LOG (gmm-sum-accs[5.5.49~4-396c7]:main():gmm-sum-accs.cc:66) Total count of stats is 20772
LOG (gmm-sum-accs[5.5.49~4-396c7]:main():gmm-sum-accs.cc:67) Written stats to -
LOG (gmm-est[5.5.49~4-396c7]:MleUpdate():transition-model.cc:517) TransitionModel::Update, objf change is 0 per frame over 20772 frames. 
LOG (gmm-est[5.5.49~4-396c7]:MleUpdate():transition-model.cc:520) 9 probabilities floored, 206 out of 290 transition-states skipped due to insuffient data (it is normal to have some skipped.)
LOG (gmm-est[5.5.49~4-396c7]:main():gmm-est.cc:102) Transition model update: Overall 0 log-like improvement per frame over 20772 frames.
WARNING (gmm-est[5.5.49~4-396c7]:MleDiagGmmUpdate():mle-diag-gmm.cc:365) Gaussian has too little data but not removing it because it is the last Gaussian: i = 0, occ = 0, weight = 1
WARNING (gmm-est[5.5.49~4-396c7]:MleDiagGmmUpdate():mle-diag-gmm.cc:365) Gaussian has too little data but not removing it because it is the last Gaussian: i = 0, occ = 0, weight = 1
WARNING (gmm-est[5.5.49~4-396c7]:MleDiagGmmUpdate():mle-diag-gmm.cc:365) Gaussian has too little data but not removing it because it is the last Gaussian: i = 0, occ = 0, weight = 1
WARNING (gmm-est[5.5.49~4-396c7]:MleDiagGmmUpdate():mle-diag-gmm.cc:365) Gaussian has too little data but not removing it because it is the last Gaussian: i = 0, occ = 0, weight = 1
WARNING (gmm-est[5.5.49~4-396c7]:MleDiagGmmUpdate():mle-diag-gmm.cc:365) Gaussian has too little data but not removing it because it is the last Gaussian: i = 0, occ = 0, weight = 1
WARNING (gmm-est[5.5.49~4-396c7]:MleDiagGmmUpdate():mle-diag-gmm.cc:359) Too little data - removing Gaussian (weight 0.033133, occupation count 7.620505, vector size 39)
WARNING (gmm-est[5.5.49~4-396c7]:MleDiagGmmUpdate():mle-diag-gmm.cc:365) Gaussian has too little data but not removing it because it is the last Gaussian: i = 0, occ = 3, weight = 1
WARNING (gmm-est[5.5.49~4-396c7]:MleDiagGmmUpdate():mle-diag-gmm.cc:365) Gaussian has too little data but not removing it because it is the last Gaussian: i = 0, occ = 3, weight = 1
LOG (gmm-est[5.5.49~4-396c7]:MleAmDiagGmmUpdate():mle-am-diag-gmm.cc:225) 5 variance elements floored in 4 Gaussians, out of 692
LOG (gmm-est[5.5.49~4-396c7]:MleAmDiagGmmUpdate():mle-am-diag-gmm.cc:229) Removed 1 Gaussians due to counts < --min-gaussian-occupancy=10 and --remove-low-count-gaussians=true
LOG (gmm-est[5.5.49~4-396c7]:main():gmm-est.cc:113) GMM update: Overall 0.244089 objective function improvement per frame over 20772 frames
LOG (gmm-est[5.5.49~4-396c7]:main():gmm-est.cc:116) GMM update: Overall avg like per frame = -82.4795 over 20772 frames.
LOG (gmm-est[5.5.49~4-396c7]:SplitByCount():am-diag-gmm.cc:116) Split 70 states with target = 721, power = 0.25, perturb_factor = 0.01 and min_count = 20, split #Gauss from 692 to 724
LOG (gmm-est[5.5.49~4-396c7]:main():gmm-est.cc:146) Written model to exp/mono/23.mdl
# Accounting: time=0 threads=1
# Ended (code 0) at Mon Oct  1 02:14:45 CST 2018, elapsed time 0 seconds
