# build-tree --verbose=1 --max-leaves=2000 --cluster-thresh=-1 exp/tri1/treeacc data/lang/phones/roots.int exp/tri1/questions.qst data/lang/topo exp/tri1/tree 
# Started at Mon Oct  1 02:15:11 CST 2018
#
build-tree --verbose=1 --max-leaves=2000 --cluster-thresh=-1 exp/tri1/treeacc data/lang/phones/roots.int exp/tri1/questions.qst data/lang/topo exp/tri1/tree 
LOG (build-tree[5.5.49~4-396c7]:main():build-tree.cc:104) Number of separate statistics is 206
LOG (build-tree[5.5.49~4-396c7]:BuildTree():build-tree.cc:161) BuildTree: before building trees, map has 22 leaves.
LOG (build-tree[5.5.49~4-396c7]:SplitDecisionTree():build-tree-utils.cc:577) DoDecisionTreeSplit: split 66 times, #leaves now 88
LOG (build-tree[5.5.49~4-396c7]:BuildTree():build-tree.cc:187) Setting clustering threshold to smallest split 301.139
VLOG[1] (build-tree[5.5.49~4-396c7]:BuildTree():build-tree.cc:196) After decision tree split, num-leaves = 88, like-impr = 5.85166 per frame over 20772 frames.
VLOG[1] (build-tree[5.5.49~4-396c7]:BuildTree():build-tree.cc:200) Including just phones that were split, improvement is 5.85166 per frame over 20772 frames.
LOG (build-tree[5.5.49~4-396c7]:BuildTree():build-tree.cc:215) BuildTree: removed 6 leaves.
VLOG[1] (build-tree[5.5.49~4-396c7]:ClusterEventMapToNClustersRestrictedByMap():build-tree-utils.cc:916) Number of non-empty clusters in map = 21
VLOG[1] (build-tree[5.5.49~4-396c7]:ClusterEventMapToNClustersRestrictedByMap():build-tree-utils.cc:917) Number of non-empty clusters = 81
LOG (build-tree[5.5.49~4-396c7]:BuildTree():build-tree.cc:231) BuildTree: Rounded num leaves to multiple of 8 by removing 2 leaves.
VLOG[1] (build-tree[5.5.49~4-396c7]:BuildTree():build-tree.cc:256) Objf change due to clustering -0.094436 per frame.
VLOG[1] (build-tree[5.5.49~4-396c7]:BuildTree():build-tree.cc:259) Normalizing over only split phones, this is: -0.094436 per frame.
VLOG[1] (build-tree[5.5.49~4-396c7]:BuildTree():build-tree.cc:262) Num-leaves is now 80
VLOG[1] (build-tree[5.5.49~4-396c7]:main():build-tree.cc:143) For pdf-id 1, low count 0
VLOG[1] (build-tree[5.5.49~4-396c7]:main():build-tree.cc:143) For pdf-id 2, low count 53
VLOG[1] (build-tree[5.5.49~4-396c7]:main():build-tree.cc:143) For pdf-id 5, low count 93
VLOG[1] (build-tree[5.5.49~4-396c7]:main():build-tree.cc:143) For pdf-id 6, low count 40
VLOG[1] (build-tree[5.5.49~4-396c7]:main():build-tree.cc:143) For pdf-id 8, low count 29
VLOG[1] (build-tree[5.5.49~4-396c7]:main():build-tree.cc:143) For pdf-id 15, low count 96
VLOG[1] (build-tree[5.5.49~4-396c7]:main():build-tree.cc:143) For pdf-id 21, low count 66
VLOG[1] (build-tree[5.5.49~4-396c7]:main():build-tree.cc:143) For pdf-id 31, low count 82
VLOG[1] (build-tree[5.5.49~4-396c7]:main():build-tree.cc:143) For pdf-id 37, low count 73
VLOG[1] (build-tree[5.5.49~4-396c7]:main():build-tree.cc:143) For pdf-id 39, low count 71
VLOG[1] (build-tree[5.5.49~4-396c7]:main():build-tree.cc:143) For pdf-id 40, low count 50
VLOG[1] (build-tree[5.5.49~4-396c7]:main():build-tree.cc:143) For pdf-id 46, low count 62
VLOG[1] (build-tree[5.5.49~4-396c7]:main():build-tree.cc:143) For pdf-id 49, low count 86
VLOG[1] (build-tree[5.5.49~4-396c7]:main():build-tree.cc:143) For pdf-id 57, low count 99
VLOG[1] (build-tree[5.5.49~4-396c7]:main():build-tree.cc:143) For pdf-id 59, low count 71
VLOG[1] (build-tree[5.5.49~4-396c7]:main():build-tree.cc:143) For pdf-id 60, low count 18
VLOG[1] (build-tree[5.5.49~4-396c7]:main():build-tree.cc:143) For pdf-id 65, low count 98
VLOG[1] (build-tree[5.5.49~4-396c7]:main():build-tree.cc:143) For pdf-id 67, low count 61
VLOG[1] (build-tree[5.5.49~4-396c7]:main():build-tree.cc:143) For pdf-id 71, low count 93
VLOG[1] (build-tree[5.5.49~4-396c7]:main():build-tree.cc:143) For pdf-id 74, low count 70
VLOG[1] (build-tree[5.5.49~4-396c7]:main():build-tree.cc:143) For pdf-id 76, low count 52
WARNING (build-tree[5.5.49~4-396c7]:main():build-tree.cc:185) Saw no stats for following phones: 2 3 4 5 6 7 8 9 10 11 12 14 15 16 18 19 20 22 23 24 26 28 29 30 32 33 34 36 37 38 39 40 42 43 46 47 48 50 53 54 55 57 58 59 62 65 66 69 70 72 73 74 75 77 78 80 82 83 86 88 89 90 
LOG (build-tree[5.5.49~4-396c7]:main():build-tree.cc:189) Wrote tree
# Accounting: time=0 threads=1
# Ended (code 0) at Mon Oct  1 02:15:11 CST 2018, elapsed time 0 seconds
