# gmm-est --mix-up=2720 --power=0.25 --write-occs=exp/tri1/4.occs exp/tri1/3.mdl "gmm-sum-accs - exp/tri1/3.*.acc |" exp/tri1/4.mdl 
# Started at Mon Oct  1 02:15:15 CST 2018
#
gmm-est --mix-up=2720 --power=0.25 --write-occs=exp/tri1/4.occs exp/tri1/3.mdl 'gmm-sum-accs - exp/tri1/3.*.acc |' exp/tri1/4.mdl 
gmm-sum-accs - exp/tri1/3.1.acc 
LOG (gmm-sum-accs[5.5.49~4-396c7]:main():gmm-sum-accs.cc:63) Summed 1 stats, total count 20772, avg like/frame -89.3514
LOG (gmm-sum-accs[5.5.49~4-396c7]:main():gmm-sum-accs.cc:66) Total count of stats is 20772
LOG (gmm-sum-accs[5.5.49~4-396c7]:main():gmm-sum-accs.cc:67) Written stats to -
LOG (gmm-est[5.5.49~4-396c7]:MleUpdate():transition-model.cc:517) TransitionModel::Update, objf change is 0 per frame over 20772 frames. 
LOG (gmm-est[5.5.49~4-396c7]:MleUpdate():transition-model.cc:520) 9 probabilities floored, 305 out of 406 transition-states skipped due to insuffient data (it is normal to have some skipped.)
LOG (gmm-est[5.5.49~4-396c7]:main():gmm-est.cc:102) Transition model update: Overall 0 log-like improvement per frame over 20772 frames.
WARNING (gmm-est[5.5.49~4-396c7]:MleDiagGmmUpdate():mle-diag-gmm.cc:365) Gaussian has too little data but not removing it because it is the last Gaussian: i = 0, occ = 0, weight = 1
WARNING (gmm-est[5.5.49~4-396c7]:MleDiagGmmUpdate():mle-diag-gmm.cc:359) Too little data - removing Gaussian (weight 0.023518, occupation count 8.678219, vector size 39)
WARNING (gmm-est[5.5.49~4-396c7]:MleDiagGmmUpdate():mle-diag-gmm.cc:359) Too little data - removing Gaussian (weight 0.013074, occupation count 4.824409, vector size 39)
WARNING (gmm-est[5.5.49~4-396c7]:MleDiagGmmUpdate():mle-diag-gmm.cc:359) Too little data - removing Gaussian (weight 0.006882, occupation count 2.539639, vector size 39)
WARNING (gmm-est[5.5.49~4-396c7]:MleDiagGmmUpdate():mle-diag-gmm.cc:359) Too little data - removing Gaussian (weight 0.014571, occupation count 5.376665, vector size 39)
WARNING (gmm-est[5.5.49~4-396c7]:MleDiagGmmUpdate():mle-diag-gmm.cc:359) Too little data - removing Gaussian (weight 0.017567, occupation count 6.482327, vector size 39)
WARNING (gmm-est[5.5.49~4-396c7]:MleDiagGmmUpdate():mle-diag-gmm.cc:359) Too little data - removing Gaussian (weight 0.008257, occupation count 3.046759, vector size 39)
WARNING (gmm-est[5.5.49~4-396c7]:MleDiagGmmUpdate():mle-diag-gmm.cc:359) Too little data - removing Gaussian (weight 0.021869, occupation count 8.069545, vector size 39)
WARNING (gmm-est[5.5.49~4-396c7]:MleDiagGmmUpdate():mle-diag-gmm.cc:359) Too little data - removing Gaussian (weight 0.006149, occupation count 2.269087, vector size 39)
WARNING (gmm-est[5.5.49~4-396c7]:MleDiagGmmUpdate():mle-diag-gmm.cc:359) Too little data - removing Gaussian (weight 0.036353, occupation count 4.580511, vector size 39)
WARNING (gmm-est[5.5.49~4-396c7]:MleDiagGmmUpdate():mle-diag-gmm.cc:359) Too little data - removing Gaussian (weight 0.040408, occupation count 5.091376, vector size 39)
WARNING (gmm-est[5.5.49~4-396c7]:MleDiagGmmUpdate():mle-diag-gmm.cc:359) Too little data - removing Gaussian (weight 0.045670, occupation count 8.768657, vector size 39)
WARNING (gmm-est[5.5.49~4-396c7]:MleDiagGmmUpdate():mle-diag-gmm.cc:359) Too little data - removing Gaussian (weight 0.042138, occupation count 8.090537, vector size 39)
WARNING (gmm-est[5.5.49~4-396c7]:MleDiagGmmUpdate():mle-diag-gmm.cc:359) Too little data - removing Gaussian (weight 0.035633, occupation count 6.841480, vector size 39)
WARNING (gmm-est[5.5.49~4-396c7]:MleDiagGmmUpdate():mle-diag-gmm.cc:359) Too little data - removing Gaussian (weight 0.041957, occupation count 8.055776, vector size 39)
WARNING (gmm-est[5.5.49~4-396c7]:MleDiagGmmUpdate():mle-diag-gmm.cc:359) Too little data - removing Gaussian (weight 0.018677, occupation count 3.585952, vector size 39)
WARNING (gmm-est[5.5.49~4-396c7]:MleDiagGmmUpdate():mle-diag-gmm.cc:359) Too little data - removing Gaussian (weight 0.039448, occupation count 7.929085, vector size 39)
WARNING (gmm-est[5.5.49~4-396c7]:MleDiagGmmUpdate():mle-diag-gmm.cc:359) Too little data - removing Gaussian (weight 0.032215, occupation count 6.443090, vector size 39)
WARNING (gmm-est[5.5.49~4-396c7]:MleDiagGmmUpdate():mle-diag-gmm.cc:359) Too little data - removing Gaussian (weight 0.053415, occupation count 7.745226, vector size 39)
WARNING (gmm-est[5.5.49~4-396c7]:MleDiagGmmUpdate():mle-diag-gmm.cc:359) Too little data - removing Gaussian (weight 0.027248, occupation count 9.427857, vector size 39)
WARNING (gmm-est[5.5.49~4-396c7]:MleDiagGmmUpdate():mle-diag-gmm.cc:359) Too little data - removing Gaussian (weight 0.014523, occupation count 5.025071, vector size 39)
WARNING (gmm-est[5.5.49~4-396c7]:MleDiagGmmUpdate():mle-diag-gmm.cc:359) Too little data - removing Gaussian (weight 0.036710, occupation count 8.333166, vector size 39)
WARNING (gmm-est[5.5.49~4-396c7]:MleDiagGmmUpdate():mle-diag-gmm.cc:359) Too little data - removing Gaussian (weight 0.066956, occupation count 7.432071, vector size 39)
WARNING (gmm-est[5.5.49~4-396c7]:MleDiagGmmUpdate():mle-diag-gmm.cc:359) Too little data - removing Gaussian (weight 0.006297, occupation count 8.060258, vector size 39)
WARNING (gmm-est[5.5.49~4-396c7]:MleDiagGmmUpdate():mle-diag-gmm.cc:359) Too little data - removing Gaussian (weight 0.006733, occupation count 8.618545, vector size 39)
WARNING (gmm-est[5.5.49~4-396c7]:MleDiagGmmUpdate():mle-diag-gmm.cc:359) Too little data - removing Gaussian (weight 0.007808, occupation count 9.994538, vector size 39)
WARNING (gmm-est[5.5.49~4-396c7]:MleDiagGmmUpdate():mle-diag-gmm.cc:359) Too little data - removing Gaussian (weight 0.007569, occupation count 9.688559, vector size 39)
WARNING (gmm-est[5.5.49~4-396c7]:MleDiagGmmUpdate():mle-diag-gmm.cc:359) Too little data - removing Gaussian (weight 0.007104, occupation count 9.092622, vector size 39)
WARNING (gmm-est[5.5.49~4-396c7]:MleDiagGmmUpdate():mle-diag-gmm.cc:359) Too little data - removing Gaussian (weight 0.007731, occupation count 9.895936, vector size 39)
WARNING (gmm-est[5.5.49~4-396c7]:MleDiagGmmUpdate():mle-diag-gmm.cc:359) Too little data - removing Gaussian (weight 0.007382, occupation count 9.448749, vector size 39)
WARNING (gmm-est[5.5.49~4-396c7]:MleDiagGmmUpdate():mle-diag-gmm.cc:359) Too little data - removing Gaussian (weight 0.007097, occupation count 9.084423, vector size 39)
WARNING (gmm-est[5.5.49~4-396c7]:MleDiagGmmUpdate():mle-diag-gmm.cc:359) Too little data - removing Gaussian (weight 0.007091, occupation count 9.076350, vector size 39)
WARNING (gmm-est[5.5.49~4-396c7]:MleDiagGmmUpdate():mle-diag-gmm.cc:359) Too little data - removing Gaussian (weight 0.038755, occupation count 6.588390, vector size 39)
WARNING (gmm-est[5.5.49~4-396c7]:MleDiagGmmUpdate():mle-diag-gmm.cc:359) Too little data - removing Gaussian (weight 0.025927, occupation count 4.407574, vector size 39)
WARNING (gmm-est[5.5.49~4-396c7]:MleDiagGmmUpdate():mle-diag-gmm.cc:359) Too little data - removing Gaussian (weight 0.005602, occupation count 8.280152, vector size 39)
WARNING (gmm-est[5.5.49~4-396c7]:MleDiagGmmUpdate():mle-diag-gmm.cc:359) Too little data - removing Gaussian (weight 0.006043, occupation count 8.931276, vector size 39)
WARNING (gmm-est[5.5.49~4-396c7]:MleDiagGmmUpdate():mle-diag-gmm.cc:359) Too little data - removing Gaussian (weight 0.006620, occupation count 9.784085, vector size 39)
WARNING (gmm-est[5.5.49~4-396c7]:MleDiagGmmUpdate():mle-diag-gmm.cc:359) Too little data - removing Gaussian (weight 0.006224, occupation count 9.199792, vector size 39)
WARNING (gmm-est[5.5.49~4-396c7]:MleDiagGmmUpdate():mle-diag-gmm.cc:359) Too little data - removing Gaussian (weight 0.070381, occupation count 9.431114, vector size 39)
WARNING (gmm-est[5.5.49~4-396c7]:MleDiagGmmUpdate():mle-diag-gmm.cc:359) Too little data - removing Gaussian (weight 0.055240, occupation count 9.832701, vector size 39)
WARNING (gmm-est[5.5.49~4-396c7]:MleDiagGmmUpdate():mle-diag-gmm.cc:359) Too little data - removing Gaussian (weight 0.018014, occupation count 3.891124, vector size 39)
WARNING (gmm-est[5.5.49~4-396c7]:MleDiagGmmUpdate():mle-diag-gmm.cc:359) Too little data - removing Gaussian (weight 0.038714, occupation count 8.362193, vector size 39)
WARNING (gmm-est[5.5.49~4-396c7]:MleDiagGmmUpdate():mle-diag-gmm.cc:359) Too little data - removing Gaussian (weight 0.018778, occupation count 4.056027, vector size 39)
WARNING (gmm-est[5.5.49~4-396c7]:MleDiagGmmUpdate():mle-diag-gmm.cc:359) Too little data - removing Gaussian (weight 0.008796, occupation count 2.383717, vector size 39)
WARNING (gmm-est[5.5.49~4-396c7]:MleDiagGmmUpdate():mle-diag-gmm.cc:359) Too little data - removing Gaussian (weight 0.008801, occupation count 2.385206, vector size 39)
WARNING (gmm-est[5.5.49~4-396c7]:MleDiagGmmUpdate():mle-diag-gmm.cc:359) Too little data - removing Gaussian (weight 0.025385, occupation count 6.879417, vector size 39)
WARNING (gmm-est[5.5.49~4-396c7]:MleDiagGmmUpdate():mle-diag-gmm.cc:359) Too little data - removing Gaussian (weight 0.033668, occupation count 9.123933, vector size 39)
WARNING (gmm-est[5.5.49~4-396c7]:MleDiagGmmUpdate():mle-diag-gmm.cc:359) Too little data - removing Gaussian (weight 0.031536, occupation count 8.546352, vector size 39)
WARNING (gmm-est[5.5.49~4-396c7]:MleDiagGmmUpdate():mle-diag-gmm.cc:359) Too little data - removing Gaussian (weight 0.029951, occupation count 8.116609, vector size 39)
WARNING (gmm-est[5.5.49~4-396c7]:MleDiagGmmUpdate():mle-diag-gmm.cc:359) Too little data - removing Gaussian (weight 0.017633, occupation count 3.738210, vector size 39)
WARNING (gmm-est[5.5.49~4-396c7]:MleDiagGmmUpdate():mle-diag-gmm.cc:359) Too little data - removing Gaussian (weight 0.007780, occupation count 1.649271, vector size 39)
WARNING (gmm-est[5.5.49~4-396c7]:MleDiagGmmUpdate():mle-diag-gmm.cc:359) Too little data - removing Gaussian (weight 0.013940, occupation count 4.474878, vector size 39)
WARNING (gmm-est[5.5.49~4-396c7]:MleDiagGmmUpdate():mle-diag-gmm.cc:359) Too little data - removing Gaussian (weight 0.009293, occupation count 2.982908, vector size 39)
WARNING (gmm-est[5.5.49~4-396c7]:MleDiagGmmUpdate():mle-diag-gmm.cc:359) Too little data - removing Gaussian (weight 0.008744, occupation count 2.806726, vector size 39)
WARNING (gmm-est[5.5.49~4-396c7]:MleDiagGmmUpdate():mle-diag-gmm.cc:359) Too little data - removing Gaussian (weight 0.024373, occupation count 7.823881, vector size 39)
WARNING (gmm-est[5.5.49~4-396c7]:MleDiagGmmUpdate():mle-diag-gmm.cc:359) Too little data - removing Gaussian (weight 0.016519, occupation count 5.302699, vector size 39)
WARNING (gmm-est[5.5.49~4-396c7]:MleDiagGmmUpdate():mle-diag-gmm.cc:359) Too little data - removing Gaussian (weight 0.022868, occupation count 7.340475, vector size 39)
WARNING (gmm-est[5.5.49~4-396c7]:MleDiagGmmUpdate():mle-diag-gmm.cc:359) Too little data - removing Gaussian (weight 0.018133, occupation count 5.820768, vector size 39)
WARNING (gmm-est[5.5.49~4-396c7]:MleDiagGmmUpdate():mle-diag-gmm.cc:359) Too little data - removing Gaussian (weight 0.010060, occupation count 3.229203, vector size 39)
WARNING (gmm-est[5.5.49~4-396c7]:MleDiagGmmUpdate():mle-diag-gmm.cc:359) Too little data - removing Gaussian (weight 0.016936, occupation count 3.996997, vector size 39)
WARNING (gmm-est[5.5.49~4-396c7]:MleDiagGmmUpdate():mle-diag-gmm.cc:359) Too little data - removing Gaussian (weight 0.030116, occupation count 7.107284, vector size 39)
WARNING (gmm-est[5.5.49~4-396c7]:MleDiagGmmUpdate():mle-diag-gmm.cc:359) Too little data - removing Gaussian (weight 0.042469, occupation count 4.629138, vector size 39)
WARNING (gmm-est[5.5.49~4-396c7]:MleDiagGmmUpdate():mle-diag-gmm.cc:359) Too little data - removing Gaussian (weight 0.050193, occupation count 9.536762, vector size 39)
WARNING (gmm-est[5.5.49~4-396c7]:MleDiagGmmUpdate():mle-diag-gmm.cc:359) Too little data - removing Gaussian (weight 0.042654, occupation count 8.104256, vector size 39)
WARNING (gmm-est[5.5.49~4-396c7]:MleDiagGmmUpdate():mle-diag-gmm.cc:359) Too little data - removing Gaussian (weight 0.064997, occupation count 9.489501, vector size 39)
WARNING (gmm-est[5.5.49~4-396c7]:MleDiagGmmUpdate():mle-diag-gmm.cc:359) Too little data - removing Gaussian (weight 0.035447, occupation count 8.081891, vector size 39)
WARNING (gmm-est[5.5.49~4-396c7]:MleDiagGmmUpdate():mle-diag-gmm.cc:359) Too little data - removing Gaussian (weight 0.031217, occupation count 7.117562, vector size 39)
WARNING (gmm-est[5.5.49~4-396c7]:MleDiagGmmUpdate():mle-diag-gmm.cc:359) Too little data - removing Gaussian (weight 0.039100, occupation count 8.367467, vector size 39)
WARNING (gmm-est[5.5.49~4-396c7]:MleDiagGmmUpdate():mle-diag-gmm.cc:359) Too little data - removing Gaussian (weight 0.024445, occupation count 5.231215, vector size 39)
WARNING (gmm-est[5.5.49~4-396c7]:MleDiagGmmUpdate():mle-diag-gmm.cc:359) Too little data - removing Gaussian (weight 0.060609, occupation count 7.879227, vector size 39)
WARNING (gmm-est[5.5.49~4-396c7]:MleDiagGmmUpdate():mle-diag-gmm.cc:359) Too little data - removing Gaussian (weight 0.020040, occupation count 2.605178, vector size 39)
WARNING (gmm-est[5.5.49~4-396c7]:MleDiagGmmUpdate():mle-diag-gmm.cc:359) Too little data - removing Gaussian (weight 0.039847, occupation count 5.817609, vector size 39)
WARNING (gmm-est[5.5.49~4-396c7]:MleDiagGmmUpdate():mle-diag-gmm.cc:359) Too little data - removing Gaussian (weight 0.059826, occupation count 8.734636, vector size 39)
WARNING (gmm-est[5.5.49~4-396c7]:MleDiagGmmUpdate():mle-diag-gmm.cc:359) Too little data - removing Gaussian (weight 0.023763, occupation count 5.465451, vector size 39)
WARNING (gmm-est[5.5.49~4-396c7]:MleDiagGmmUpdate():mle-diag-gmm.cc:359) Too little data - removing Gaussian (weight 0.028766, occupation count 6.616187, vector size 39)
WARNING (gmm-est[5.5.49~4-396c7]:MleDiagGmmUpdate():mle-diag-gmm.cc:359) Too little data - removing Gaussian (weight 0.016966, occupation count 3.902211, vector size 39)
WARNING (gmm-est[5.5.49~4-396c7]:MleDiagGmmUpdate():mle-diag-gmm.cc:359) Too little data - removing Gaussian (weight 0.018904, occupation count 4.347832, vector size 39)
WARNING (gmm-est[5.5.49~4-396c7]:MleDiagGmmUpdate():mle-diag-gmm.cc:359) Too little data - removing Gaussian (weight 0.063994, occupation count 7.295363, vector size 39)
WARNING (gmm-est[5.5.49~4-396c7]:MleDiagGmmUpdate():mle-diag-gmm.cc:359) Too little data - removing Gaussian (weight 0.053545, occupation count 6.693074, vector size 39)
WARNING (gmm-est[5.5.49~4-396c7]:MleDiagGmmUpdate():mle-diag-gmm.cc:359) Too little data - removing Gaussian (weight 0.056689, occupation count 7.086148, vector size 39)
WARNING (gmm-est[5.5.49~4-396c7]:MleDiagGmmUpdate():mle-diag-gmm.cc:359) Too little data - removing Gaussian (weight 0.018626, occupation count 5.475980, vector size 39)
WARNING (gmm-est[5.5.49~4-396c7]:MleDiagGmmUpdate():mle-diag-gmm.cc:359) Too little data - removing Gaussian (weight 0.022934, occupation count 6.742714, vector size 39)
WARNING (gmm-est[5.5.49~4-396c7]:MleDiagGmmUpdate():mle-diag-gmm.cc:359) Too little data - removing Gaussian (weight 0.002458, occupation count 0.766819, vector size 39)
WARNING (gmm-est[5.5.49~4-396c7]:MleDiagGmmUpdate():mle-diag-gmm.cc:359) Too little data - removing Gaussian (weight 0.003453, occupation count 1.077242, vector size 39)
WARNING (gmm-est[5.5.49~4-396c7]:MleDiagGmmUpdate():mle-diag-gmm.cc:359) Too little data - removing Gaussian (weight 0.030501, occupation count 9.516243, vector size 39)
WARNING (gmm-est[5.5.49~4-396c7]:MleDiagGmmUpdate():mle-diag-gmm.cc:359) Too little data - removing Gaussian (weight 0.006659, occupation count 2.077610, vector size 39)
WARNING (gmm-est[5.5.49~4-396c7]:MleDiagGmmUpdate():mle-diag-gmm.cc:359) Too little data - removing Gaussian (weight 0.006312, occupation count 1.969214, vector size 39)
WARNING (gmm-est[5.5.49~4-396c7]:MleDiagGmmUpdate():mle-diag-gmm.cc:359) Too little data - removing Gaussian (weight 0.021951, occupation count 6.080437, vector size 39)
WARNING (gmm-est[5.5.49~4-396c7]:MleDiagGmmUpdate():mle-diag-gmm.cc:359) Too little data - removing Gaussian (weight 0.034540, occupation count 9.567539, vector size 39)
WARNING (gmm-est[5.5.49~4-396c7]:MleDiagGmmUpdate():mle-diag-gmm.cc:359) Too little data - removing Gaussian (weight 0.029984, occupation count 5.546994, vector size 39)
WARNING (gmm-est[5.5.49~4-396c7]:MleDiagGmmUpdate():mle-diag-gmm.cc:359) Too little data - removing Gaussian (weight 0.130740, occupation count 7.975135, vector size 39)
WARNING (gmm-est[5.5.49~4-396c7]:MleDiagGmmUpdate():mle-diag-gmm.cc:359) Too little data - removing Gaussian (weight 0.038508, occupation count 8.702758, vector size 39)
WARNING (gmm-est[5.5.49~4-396c7]:MleDiagGmmUpdate():mle-diag-gmm.cc:359) Too little data - removing Gaussian (weight 0.016917, occupation count 9.947218, vector size 39)
WARNING (gmm-est[5.5.49~4-396c7]:MleDiagGmmUpdate():mle-diag-gmm.cc:359) Too little data - removing Gaussian (weight 0.014474, occupation count 8.510908, vector size 39)
WARNING (gmm-est[5.5.49~4-396c7]:MleDiagGmmUpdate():mle-diag-gmm.cc:359) Too little data - removing Gaussian (weight 0.011385, occupation count 6.694330, vector size 39)
WARNING (gmm-est[5.5.49~4-396c7]:MleDiagGmmUpdate():mle-diag-gmm.cc:359) Too little data - removing Gaussian (weight 0.015081, occupation count 8.867376, vector size 39)
WARNING (gmm-est[5.5.49~4-396c7]:MleDiagGmmUpdate():mle-diag-gmm.cc:359) Too little data - removing Gaussian (weight 0.080682, occupation count 7.503396, vector size 39)
WARNING (gmm-est[5.5.49~4-396c7]:MleDiagGmmUpdate():mle-diag-gmm.cc:359) Too little data - removing Gaussian (weight 0.033231, occupation count 6.679341, vector size 39)
WARNING (gmm-est[5.5.49~4-396c7]:MleDiagGmmUpdate():mle-diag-gmm.cc:359) Too little data - removing Gaussian (weight 0.020921, occupation count 4.351625, vector size 39)
WARNING (gmm-est[5.5.49~4-396c7]:MleDiagGmmUpdate():mle-diag-gmm.cc:359) Too little data - removing Gaussian (weight 0.031124, occupation count 6.473699, vector size 39)
WARNING (gmm-est[5.5.49~4-396c7]:MleDiagGmmUpdate():mle-diag-gmm.cc:359) Too little data - removing Gaussian (weight 0.031032, occupation count 6.454610, vector size 39)
WARNING (gmm-est[5.5.49~4-396c7]:MleDiagGmmUpdate():mle-diag-gmm.cc:359) Too little data - removing Gaussian (weight 0.059187, occupation count 8.937275, vector size 39)
WARNING (gmm-est[5.5.49~4-396c7]:MleDiagGmmUpdate():mle-diag-gmm.cc:359) Too little data - removing Gaussian (weight 0.031221, occupation count 7.992466, vector size 39)
WARNING (gmm-est[5.5.49~4-396c7]:MleDiagGmmUpdate():mle-diag-gmm.cc:359) Too little data - removing Gaussian (weight 0.033911, occupation count 8.681182, vector size 39)
LOG (gmm-est[5.5.49~4-396c7]:MleAmDiagGmmUpdate():mle-am-diag-gmm.cc:225) 0 variance elements floored in 0 Gaussians, out of 894
LOG (gmm-est[5.5.49~4-396c7]:MleAmDiagGmmUpdate():mle-am-diag-gmm.cc:229) Removed 103 Gaussians due to counts < --min-gaussian-occupancy=10 and --remove-low-count-gaussians=true
LOG (gmm-est[5.5.49~4-396c7]:main():gmm-est.cc:113) GMM update: Overall 2.25363 objective function improvement per frame over 20772 frames
LOG (gmm-est[5.5.49~4-396c7]:main():gmm-est.cc:116) GMM update: Overall avg like per frame = -89.3514 over 20772 frames.
WARNING (gmm-est[5.5.49~4-396c7]:GetSplitTargets():model-common.cc:134) Could not split up to 2720 due to min-count = 20 (or no counts at all)
LOG (gmm-est[5.5.49~4-396c7]:SplitByCount():am-diag-gmm.cc:116) Split 80 states with target = 2720, power = 0.25, perturb_factor = 0.01 and min_count = 20, split #Gauss from 894 to 997
LOG (gmm-est[5.5.49~4-396c7]:main():gmm-est.cc:146) Written model to exp/tri1/4.mdl
# Accounting: time=0 threads=1
# Ended (code 0) at Mon Oct  1 02:15:15 CST 2018, elapsed time 0 seconds
