# gmm-est --mix-up=4520 --power=0.25 --write-occs=exp/tri1/9.occs exp/tri1/8.mdl "gmm-sum-accs - exp/tri1/8.*.acc |" exp/tri1/9.mdl 
# Started at Mon Oct  1 02:15:19 CST 2018
#
gmm-est --mix-up=4520 --power=0.25 --write-occs=exp/tri1/9.occs exp/tri1/8.mdl 'gmm-sum-accs - exp/tri1/8.*.acc |' exp/tri1/9.mdl 
gmm-sum-accs - exp/tri1/8.1.acc 
LOG (gmm-sum-accs[5.5.49~4-396c7]:main():gmm-sum-accs.cc:63) Summed 1 stats, total count 20772, avg like/frame -80.4864
LOG (gmm-sum-accs[5.5.49~4-396c7]:main():gmm-sum-accs.cc:66) Total count of stats is 20772
LOG (gmm-sum-accs[5.5.49~4-396c7]:main():gmm-sum-accs.cc:67) Written stats to -
LOG (gmm-est[5.5.49~4-396c7]:MleUpdate():transition-model.cc:517) TransitionModel::Update, objf change is 0 per frame over 20772 frames. 
LOG (gmm-est[5.5.49~4-396c7]:MleUpdate():transition-model.cc:520) 9 probabilities floored, 305 out of 406 transition-states skipped due to insuffient data (it is normal to have some skipped.)
LOG (gmm-est[5.5.49~4-396c7]:main():gmm-est.cc:102) Transition model update: Overall 0 log-like improvement per frame over 20772 frames.
WARNING (gmm-est[5.5.49~4-396c7]:MleDiagGmmUpdate():mle-diag-gmm.cc:359) Too little data - removing Gaussian (weight 0.002055, occupation count 8.689493, vector size 39)
WARNING (gmm-est[5.5.49~4-396c7]:MleDiagGmmUpdate():mle-diag-gmm.cc:365) Gaussian has too little data but not removing it because it is the last Gaussian: i = 0, occ = 0, weight = 1
WARNING (gmm-est[5.5.49~4-396c7]:MleDiagGmmUpdate():mle-diag-gmm.cc:359) Too little data - removing Gaussian (weight 0.006484, occupation count 8.300076, vector size 39)
WARNING (gmm-est[5.5.49~4-396c7]:MleDiagGmmUpdate():mle-diag-gmm.cc:359) Too little data - removing Gaussian (weight 0.007115, occupation count 9.085732, vector size 39)
WARNING (gmm-est[5.5.49~4-396c7]:MleDiagGmmUpdate():mle-diag-gmm.cc:359) Too little data - removing Gaussian (weight 0.006677, occupation count 9.868457, vector size 39)
WARNING (gmm-est[5.5.49~4-396c7]:MleDiagGmmUpdate():mle-diag-gmm.cc:359) Too little data - removing Gaussian (weight 0.006515, occupation count 9.629689, vector size 39)
WARNING (gmm-est[5.5.49~4-396c7]:MleDiagGmmUpdate():mle-diag-gmm.cc:359) Too little data - removing Gaussian (weight 0.031690, occupation count 8.588050, vector size 39)
WARNING (gmm-est[5.5.49~4-396c7]:MleDiagGmmUpdate():mle-diag-gmm.cc:359) Too little data - removing Gaussian (weight 0.048077, occupation count 10.000000, vector size 39)
LOG (gmm-est[5.5.49~4-396c7]:MleAmDiagGmmUpdate():mle-am-diag-gmm.cc:225) 4 variance elements floored in 4 Gaussians, out of 990
LOG (gmm-est[5.5.49~4-396c7]:MleAmDiagGmmUpdate():mle-am-diag-gmm.cc:229) Removed 7 Gaussians due to counts < --min-gaussian-occupancy=10 and --remove-low-count-gaussians=true
LOG (gmm-est[5.5.49~4-396c7]:main():gmm-est.cc:113) GMM update: Overall 0.329171 objective function improvement per frame over 20772 frames
LOG (gmm-est[5.5.49~4-396c7]:main():gmm-est.cc:116) GMM update: Overall avg like per frame = -80.4864 over 20772 frames.
WARNING (gmm-est[5.5.49~4-396c7]:GetSplitTargets():model-common.cc:134) Could not split up to 4520 due to min-count = 20 (or no counts at all)
LOG (gmm-est[5.5.49~4-396c7]:SplitByCount():am-diag-gmm.cc:116) Split 80 states with target = 4520, power = 0.25, perturb_factor = 0.01 and min_count = 20, split #Gauss from 990 to 997
LOG (gmm-est[5.5.49~4-396c7]:main():gmm-est.cc:146) Written model to exp/tri1/9.mdl
# Accounting: time=0 threads=1
# Ended (code 0) at Mon Oct  1 02:15:19 CST 2018, elapsed time 0 seconds
