# compute-mfcc-feats --verbose=2 --config=conf/mfcc.conf scp,p:exp/make_mfcc/train/wav_train.1.scp ark:- | copy-feats --compress=true ark:- ark,scp:/Users/kimseongrim/Documents/GitHub/kaldi/egs/digits/s5/mfcc/raw_mfcc_train.1.ark,/Users/kimseongrim/Documents/GitHub/kaldi/egs/digits/s5/mfcc/raw_mfcc_train.1.scp 
# Started at Mon Oct  1 02:14:15 CST 2018
#
copy-feats --compress=true ark:- ark,scp:/Users/kimseongrim/Documents/GitHub/kaldi/egs/digits/s5/mfcc/raw_mfcc_train.1.ark,/Users/kimseongrim/Documents/GitHub/kaldi/egs/digits/s5/mfcc/raw_mfcc_train.1.scp 
compute-mfcc-feats --verbose=2 --config=conf/mfcc.conf scp,p:exp/make_mfcc/train/wav_train.1.scp ark:- 
WARNING (compute-mfcc-feats[5.5.49~4-396c7]:Read():wave-reader.cc:260) Expected 78148 bytes in RIFF chunk, but after first data block there will be 38 + 71464 bytes (we do not support reading multiple data chunks).
VLOG[2] (compute-mfcc-feats[5.5.49~4-396c7]:main():compute-mfcc-feats.cc:173) Processed features for key Allen_040
WARNING (compute-mfcc-feats[5.5.49~4-396c7]:Read():wave-reader.cc:260) Expected 75766 bytes in RIFF chunk, but after first data block there will be 38 + 69082 bytes (we do not support reading multiple data chunks).
VLOG[2] (compute-mfcc-feats[5.5.49~4-396c7]:main():compute-mfcc-feats.cc:173) Processed features for key Allen_089
WARNING (compute-mfcc-feats[5.5.49~4-396c7]:Read():wave-reader.cc:260) Expected 83484 bytes in RIFF chunk, but after first data block there will be 38 + 76800 bytes (we do not support reading multiple data chunks).
VLOG[2] (compute-mfcc-feats[5.5.49~4-396c7]:main():compute-mfcc-feats.cc:173) Processed features for key Allen_104
WARNING (compute-mfcc-feats[5.5.49~4-396c7]:Read():wave-reader.cc:260) Expected 70684 bytes in RIFF chunk, but after first data block there will be 38 + 64000 bytes (we do not support reading multiple data chunks).
VLOG[2] (compute-mfcc-feats[5.5.49~4-396c7]:main():compute-mfcc-feats.cc:173) Processed features for key Allen_231
WARNING (compute-mfcc-feats[5.5.49~4-396c7]:Read():wave-reader.cc:260) Expected 84420 bytes in RIFF chunk, but after first data block there will be 38 + 77736 bytes (we do not support reading multiple data chunks).
VLOG[2] (compute-mfcc-feats[5.5.49~4-396c7]:main():compute-mfcc-feats.cc:173) Processed features for key Allen_327
WARNING (compute-mfcc-feats[5.5.49~4-396c7]:Read():wave-reader.cc:260) Expected 83766 bytes in RIFF chunk, but after first data block there will be 38 + 77082 bytes (we do not support reading multiple data chunks).
VLOG[2] (compute-mfcc-feats[5.5.49~4-396c7]:main():compute-mfcc-feats.cc:173) Processed features for key Allen_413
WARNING (compute-mfcc-feats[5.5.49~4-396c7]:Read():wave-reader.cc:260) Expected 78170 bytes in RIFF chunk, but after first data block there will be 38 + 71486 bytes (we do not support reading multiple data chunks).
VLOG[2] (compute-mfcc-feats[5.5.49~4-396c7]:main():compute-mfcc-feats.cc:173) Processed features for key Allen_462
WARNING (compute-mfcc-feats[5.5.49~4-396c7]:Read():wave-reader.cc:260) Expected 78812 bytes in RIFF chunk, but after first data block there will be 38 + 72128 bytes (we do not support reading multiple data chunks).
VLOG[2] (compute-mfcc-feats[5.5.49~4-396c7]:main():compute-mfcc-feats.cc:173) Processed features for key Allen_468
WARNING (compute-mfcc-feats[5.5.49~4-396c7]:Read():wave-reader.cc:260) Expected 71462 bytes in RIFF chunk, but after first data block there will be 38 + 64778 bytes (we do not support reading multiple data chunks).
VLOG[2] (compute-mfcc-feats[5.5.49~4-396c7]:main():compute-mfcc-feats.cc:173) Processed features for key Allen_470
WARNING (compute-mfcc-feats[5.5.49~4-396c7]:Read():wave-reader.cc:260) Expected 76998 bytes in RIFF chunk, but after first data block there will be 38 + 70314 bytes (we do not support reading multiple data chunks).
LOG (compute-mfcc-feats[5.5.49~4-396c7]:main():compute-mfcc-feats.cc:172) Processed 10 utterances
VLOG[2] (compute-mfcc-feats[5.5.49~4-396c7]:main():compute-mfcc-feats.cc:173) Processed features for key Allen_560
WARNING (compute-mfcc-feats[5.5.49~4-396c7]:Read():wave-reader.cc:260) Expected 96812 bytes in RIFF chunk, but after first data block there will be 38 + 87146 bytes (we do not support reading multiple data chunks).
VLOG[2] (compute-mfcc-feats[5.5.49~4-396c7]:main():compute-mfcc-feats.cc:173) Processed features for key Ben_012
WARNING (compute-mfcc-feats[5.5.49~4-396c7]:Read():wave-reader.cc:260) Expected 92430 bytes in RIFF chunk, but after first data block there will be 38 + 82770 bytes (we do not support reading multiple data chunks).
VLOG[2] (compute-mfcc-feats[5.5.49~4-396c7]:main():compute-mfcc-feats.cc:173) Processed features for key Ben_117
WARNING (compute-mfcc-feats[5.5.49~4-396c7]:Read():wave-reader.cc:260) Expected 89412 bytes in RIFF chunk, but after first data block there will be 38 + 79744 bytes (we do not support reading multiple data chunks).
VLOG[2] (compute-mfcc-feats[5.5.49~4-396c7]:main():compute-mfcc-feats.cc:173) Processed features for key Ben_123
WARNING (compute-mfcc-feats[5.5.49~4-396c7]:Read():wave-reader.cc:260) Expected 91794 bytes in RIFF chunk, but after first data block there will be 38 + 82126 bytes (we do not support reading multiple data chunks).
VLOG[2] (compute-mfcc-feats[5.5.49~4-396c7]:main():compute-mfcc-feats.cc:173) Processed features for key Ben_171
WARNING (compute-mfcc-feats[5.5.49~4-396c7]:Read():wave-reader.cc:260) Expected 89610 bytes in RIFF chunk, but after first data block there will be 38 + 79942 bytes (we do not support reading multiple data chunks).
VLOG[2] (compute-mfcc-feats[5.5.49~4-396c7]:main():compute-mfcc-feats.cc:173) Processed features for key Ben_217
WARNING (compute-mfcc-feats[5.5.49~4-396c7]:Read():wave-reader.cc:260) Expected 89668 bytes in RIFF chunk, but after first data block there will be 38 + 80000 bytes (we do not support reading multiple data chunks).
VLOG[2] (compute-mfcc-feats[5.5.49~4-396c7]:main():compute-mfcc-feats.cc:173) Processed features for key Ben_234
WARNING (compute-mfcc-feats[5.5.49~4-396c7]:Read():wave-reader.cc:260) Expected 90142 bytes in RIFF chunk, but after first data block there will be 38 + 80472 bytes (we do not support reading multiple data chunks).
VLOG[2] (compute-mfcc-feats[5.5.49~4-396c7]:main():compute-mfcc-feats.cc:173) Processed features for key Ben_341
WARNING (compute-mfcc-feats[5.5.49~4-396c7]:Read():wave-reader.cc:260) Expected 88190 bytes in RIFF chunk, but after first data block there will be 38 + 78522 bytes (we do not support reading multiple data chunks).
VLOG[2] (compute-mfcc-feats[5.5.49~4-396c7]:main():compute-mfcc-feats.cc:173) Processed features for key Ben_345
WARNING (compute-mfcc-feats[5.5.49~4-396c7]:Read():wave-reader.cc:260) Expected 86948 bytes in RIFF chunk, but after first data block there will be 38 + 77280 bytes (we do not support reading multiple data chunks).
VLOG[2] (compute-mfcc-feats[5.5.49~4-396c7]:main():compute-mfcc-feats.cc:173) Processed features for key Ben_457
WARNING (compute-mfcc-feats[5.5.49~4-396c7]:Read():wave-reader.cc:260) Expected 95932 bytes in RIFF chunk, but after first data block there will be 38 + 86262 bytes (we do not support reading multiple data chunks).
LOG (compute-mfcc-feats[5.5.49~4-396c7]:main():compute-mfcc-feats.cc:172) Processed 20 utterances
VLOG[2] (compute-mfcc-feats[5.5.49~4-396c7]:main():compute-mfcc-feats.cc:173) Processed features for key Ben_757
WARNING (compute-mfcc-feats[5.5.49~4-396c7]:Read():wave-reader.cc:260) Expected 106832 bytes in RIFF chunk, but after first data block there will be 38 + 97166 bytes (we do not support reading multiple data chunks).
VLOG[2] (compute-mfcc-feats[5.5.49~4-396c7]:main():compute-mfcc-feats.cc:173) Processed features for key Carl_013
WARNING (compute-mfcc-feats[5.5.49~4-396c7]:Read():wave-reader.cc:260) Expected 84392 bytes in RIFF chunk, but after first data block there will be 38 + 74722 bytes (we do not support reading multiple data chunks).
VLOG[2] (compute-mfcc-feats[5.5.49~4-396c7]:main():compute-mfcc-feats.cc:173) Processed features for key Carl_140
WARNING (compute-mfcc-feats[5.5.49~4-396c7]:Read():wave-reader.cc:260) Expected 82164 bytes in RIFF chunk, but after first data block there will be 38 + 72494 bytes (we do not support reading multiple data chunks).
VLOG[2] (compute-mfcc-feats[5.5.49~4-396c7]:main():compute-mfcc-feats.cc:173) Processed features for key Carl_214
WARNING (compute-mfcc-feats[5.5.49~4-396c7]:Read():wave-reader.cc:260) Expected 89668 bytes in RIFF chunk, but after first data block there will be 38 + 80000 bytes (we do not support reading multiple data chunks).
VLOG[2] (compute-mfcc-feats[5.5.49~4-396c7]:main():compute-mfcc-feats.cc:173) Processed features for key Carl_325
WARNING (compute-mfcc-feats[5.5.49~4-396c7]:Read():wave-reader.cc:260) Expected 92140 bytes in RIFF chunk, but after first data block there will be 38 + 82470 bytes (we do not support reading multiple data chunks).
VLOG[2] (compute-mfcc-feats[5.5.49~4-396c7]:main():compute-mfcc-feats.cc:173) Processed features for key Carl_458
WARNING (compute-mfcc-feats[5.5.49~4-396c7]:Read():wave-reader.cc:260) Expected 95410 bytes in RIFF chunk, but after first data block there will be 38 + 85742 bytes (we do not support reading multiple data chunks).
VLOG[2] (compute-mfcc-feats[5.5.49~4-396c7]:main():compute-mfcc-feats.cc:173) Processed features for key Carl_546
WARNING (compute-mfcc-feats[5.5.49~4-396c7]:Read():wave-reader.cc:260) Expected 93806 bytes in RIFF chunk, but after first data block there will be 38 + 84136 bytes (we do not support reading multiple data chunks).
VLOG[2] (compute-mfcc-feats[5.5.49~4-396c7]:main():compute-mfcc-feats.cc:173) Processed features for key Carl_632
WARNING (compute-mfcc-feats[5.5.49~4-396c7]:Read():wave-reader.cc:260) Expected 89808 bytes in RIFF chunk, but after first data block there will be 38 + 80140 bytes (we do not support reading multiple data chunks).
VLOG[2] (compute-mfcc-feats[5.5.49~4-396c7]:main():compute-mfcc-feats.cc:173) Processed features for key Carl_678
WARNING (compute-mfcc-feats[5.5.49~4-396c7]:Read():wave-reader.cc:260) Expected 89670 bytes in RIFF chunk, but after first data block there will be 38 + 80000 bytes (we do not support reading multiple data chunks).
VLOG[2] (compute-mfcc-feats[5.5.49~4-396c7]:main():compute-mfcc-feats.cc:173) Processed features for key Carl_876
WARNING (compute-mfcc-feats[5.5.49~4-396c7]:Read():wave-reader.cc:260) Expected 84428 bytes in RIFF chunk, but after first data block there will be 38 + 74758 bytes (we do not support reading multiple data chunks).
LOG (compute-mfcc-feats[5.5.49~4-396c7]:main():compute-mfcc-feats.cc:172) Processed 30 utterances
VLOG[2] (compute-mfcc-feats[5.5.49~4-396c7]:main():compute-mfcc-feats.cc:173) Processed features for key Carl_894
WARNING (compute-mfcc-feats[5.5.49~4-396c7]:Read():wave-reader.cc:260) Expected 105670 bytes in RIFF chunk, but after first data block there will be 38 + 96000 bytes (we do not support reading multiple data chunks).
VLOG[2] (compute-mfcc-feats[5.5.49~4-396c7]:main():compute-mfcc-feats.cc:173) Processed features for key Dan_032
WARNING (compute-mfcc-feats[5.5.49~4-396c7]:Read():wave-reader.cc:260) Expected 98916 bytes in RIFF chunk, but after first data block there will be 38 + 89246 bytes (we do not support reading multiple data chunks).
VLOG[2] (compute-mfcc-feats[5.5.49~4-396c7]:main():compute-mfcc-feats.cc:173) Processed features for key Dan_156
WARNING (compute-mfcc-feats[5.5.49~4-396c7]:Read():wave-reader.cc:260) Expected 96672 bytes in RIFF chunk, but after first data block there will be 38 + 87002 bytes (we do not support reading multiple data chunks).
VLOG[2] (compute-mfcc-feats[5.5.49~4-396c7]:main():compute-mfcc-feats.cc:173) Processed features for key Dan_216
WARNING (compute-mfcc-feats[5.5.49~4-396c7]:Read():wave-reader.cc:260) Expected 105652 bytes in RIFF chunk, but after first data block there will be 38 + 95982 bytes (we do not support reading multiple data chunks).
VLOG[2] (compute-mfcc-feats[5.5.49~4-396c7]:main():compute-mfcc-feats.cc:173) Processed features for key Dan_265
WARNING (compute-mfcc-feats[5.5.49~4-396c7]:Read():wave-reader.cc:260) Expected 87044 bytes in RIFF chunk, but after first data block there will be 38 + 77374 bytes (we do not support reading multiple data chunks).
VLOG[2] (compute-mfcc-feats[5.5.49~4-396c7]:main():compute-mfcc-feats.cc:173) Processed features for key Dan_519
WARNING (compute-mfcc-feats[5.5.49~4-396c7]:Read():wave-reader.cc:260) Expected 91266 bytes in RIFF chunk, but after first data block there will be 38 + 81598 bytes (we do not support reading multiple data chunks).
VLOG[2] (compute-mfcc-feats[5.5.49~4-396c7]:main():compute-mfcc-feats.cc:173) Processed features for key Dan_657
WARNING (compute-mfcc-feats[5.5.49~4-396c7]:Read():wave-reader.cc:260) Expected 98744 bytes in RIFF chunk, but after first data block there will be 38 + 89074 bytes (we do not support reading multiple data chunks).
VLOG[2] (compute-mfcc-feats[5.5.49~4-396c7]:main():compute-mfcc-feats.cc:173) Processed features for key Dan_785
WARNING (compute-mfcc-feats[5.5.49~4-396c7]:Read():wave-reader.cc:260) Expected 97170 bytes in RIFF chunk, but after first data block there will be 38 + 87500 bytes (we do not support reading multiple data chunks).
VLOG[2] (compute-mfcc-feats[5.5.49~4-396c7]:main():compute-mfcc-feats.cc:173) Processed features for key Dan_847
WARNING (compute-mfcc-feats[5.5.49~4-396c7]:Read():wave-reader.cc:260) Expected 100998 bytes in RIFF chunk, but after first data block there will be 38 + 91328 bytes (we do not support reading multiple data chunks).
VLOG[2] (compute-mfcc-feats[5.5.49~4-396c7]:main():compute-mfcc-feats.cc:173) Processed features for key Dan_947
WARNING (compute-mfcc-feats[5.5.49~4-396c7]:Read():wave-reader.cc:260) Expected 106006 bytes in RIFF chunk, but after first data block there will be 38 + 96336 bytes (we do not support reading multiple data chunks).
LOG (compute-mfcc-feats[5.5.49~4-396c7]:main():compute-mfcc-feats.cc:172) Processed 40 utterances
VLOG[2] (compute-mfcc-feats[5.5.49~4-396c7]:main():compute-mfcc-feats.cc:173) Processed features for key Dan_987
WARNING (compute-mfcc-feats[5.5.49~4-396c7]:Read():wave-reader.cc:260) Expected 93782 bytes in RIFF chunk, but after first data block there will be 38 + 84112 bytes (we do not support reading multiple data chunks).
VLOG[2] (compute-mfcc-feats[5.5.49~4-396c7]:main():compute-mfcc-feats.cc:173) Processed features for key Eddy_102
WARNING (compute-mfcc-feats[5.5.49~4-396c7]:Read():wave-reader.cc:260) Expected 92004 bytes in RIFF chunk, but after first data block there will be 38 + 82334 bytes (we do not support reading multiple data chunks).
VLOG[2] (compute-mfcc-feats[5.5.49~4-396c7]:main():compute-mfcc-feats.cc:173) Processed features for key Eddy_120
WARNING (compute-mfcc-feats[5.5.49~4-396c7]:Read():wave-reader.cc:260) Expected 84644 bytes in RIFF chunk, but after first data block there will be 38 + 74974 bytes (we do not support reading multiple data chunks).
VLOG[2] (compute-mfcc-feats[5.5.49~4-396c7]:main():compute-mfcc-feats.cc:173) Processed features for key Eddy_231
WARNING (compute-mfcc-feats[5.5.49~4-396c7]:Read():wave-reader.cc:260) Expected 82102 bytes in RIFF chunk, but after first data block there will be 38 + 72434 bytes (we do not support reading multiple data chunks).
VLOG[2] (compute-mfcc-feats[5.5.49~4-396c7]:main():compute-mfcc-feats.cc:173) Processed features for key Eddy_241
WARNING (compute-mfcc-feats[5.5.49~4-396c7]:Read():wave-reader.cc:260) Expected 91008 bytes in RIFF chunk, but after first data block there will be 38 + 81338 bytes (we do not support reading multiple data chunks).
VLOG[2] (compute-mfcc-feats[5.5.49~4-396c7]:main():compute-mfcc-feats.cc:173) Processed features for key Eddy_411
WARNING (compute-mfcc-feats[5.5.49~4-396c7]:Read():wave-reader.cc:260) Expected 90178 bytes in RIFF chunk, but after first data block there will be 38 + 80510 bytes (we do not support reading multiple data chunks).
VLOG[2] (compute-mfcc-feats[5.5.49~4-396c7]:main():compute-mfcc-feats.cc:173) Processed features for key Eddy_620
WARNING (compute-mfcc-feats[5.5.49~4-396c7]:Read():wave-reader.cc:260) Expected 90738 bytes in RIFF chunk, but after first data block there will be 38 + 81070 bytes (we do not support reading multiple data chunks).
VLOG[2] (compute-mfcc-feats[5.5.49~4-396c7]:main():compute-mfcc-feats.cc:173) Processed features for key Eddy_641
WARNING (compute-mfcc-feats[5.5.49~4-396c7]:Read():wave-reader.cc:260) Expected 86106 bytes in RIFF chunk, but after first data block there will be 38 + 76438 bytes (we do not support reading multiple data chunks).
VLOG[2] (compute-mfcc-feats[5.5.49~4-396c7]:main():compute-mfcc-feats.cc:173) Processed features for key Eddy_732
WARNING (compute-mfcc-feats[5.5.49~4-396c7]:Read():wave-reader.cc:260) Expected 93392 bytes in RIFF chunk, but after first data block there will be 38 + 83726 bytes (we do not support reading multiple data chunks).
VLOG[2] (compute-mfcc-feats[5.5.49~4-396c7]:main():compute-mfcc-feats.cc:173) Processed features for key Eddy_784
WARNING (compute-mfcc-feats[5.5.49~4-396c7]:Read():wave-reader.cc:260) Expected 102484 bytes in RIFF chunk, but after first data block there will be 38 + 92814 bytes (we do not support reading multiple data chunks).
LOG (compute-mfcc-feats[5.5.49~4-396c7]:main():compute-mfcc-feats.cc:172) Processed 50 utterances
VLOG[2] (compute-mfcc-feats[5.5.49~4-396c7]:main():compute-mfcc-feats.cc:173) Processed features for key Eddy_897
WARNING (compute-mfcc-feats[5.5.49~4-396c7]:Read():wave-reader.cc:260) Expected 100072 bytes in RIFF chunk, but after first data block there will be 38 + 91306 bytes (we do not support reading multiple data chunks).
VLOG[2] (compute-mfcc-feats[5.5.49~4-396c7]:main():compute-mfcc-feats.cc:173) Processed features for key Febe_010
WARNING (compute-mfcc-feats[5.5.49~4-396c7]:Read():wave-reader.cc:260) Expected 104358 bytes in RIFF chunk, but after first data block there will be 38 + 95596 bytes (we do not support reading multiple data chunks).
VLOG[2] (compute-mfcc-feats[5.5.49~4-396c7]:main():compute-mfcc-feats.cc:173) Processed features for key Febe_012
WARNING (compute-mfcc-feats[5.5.49~4-396c7]:Read():wave-reader.cc:260) Expected 107034 bytes in RIFF chunk, but after first data block there will be 38 + 98268 bytes (we do not support reading multiple data chunks).
VLOG[2] (compute-mfcc-feats[5.5.49~4-396c7]:main():compute-mfcc-feats.cc:173) Processed features for key Febe_123
WARNING (compute-mfcc-feats[5.5.49~4-396c7]:Read():wave-reader.cc:260) Expected 104766 bytes in RIFF chunk, but after first data block there will be 38 + 96000 bytes (we do not support reading multiple data chunks).
VLOG[2] (compute-mfcc-feats[5.5.49~4-396c7]:main():compute-mfcc-feats.cc:173) Processed features for key Febe_216
WARNING (compute-mfcc-feats[5.5.49~4-396c7]:Read():wave-reader.cc:260) Expected 97114 bytes in RIFF chunk, but after first data block there will be 38 + 88348 bytes (we do not support reading multiple data chunks).
VLOG[2] (compute-mfcc-feats[5.5.49~4-396c7]:main():compute-mfcc-feats.cc:173) Processed features for key Febe_230
WARNING (compute-mfcc-feats[5.5.49~4-396c7]:Read():wave-reader.cc:260) Expected 103408 bytes in RIFF chunk, but after first data block there will be 38 + 94642 bytes (we do not support reading multiple data chunks).
VLOG[2] (compute-mfcc-feats[5.5.49~4-396c7]:main():compute-mfcc-feats.cc:173) Processed features for key Febe_345
WARNING (compute-mfcc-feats[5.5.49~4-396c7]:Read():wave-reader.cc:260) Expected 84626 bytes in RIFF chunk, but after first data block there will be 38 + 75856 bytes (we do not support reading multiple data chunks).
VLOG[2] (compute-mfcc-feats[5.5.49~4-396c7]:main():compute-mfcc-feats.cc:173) Processed features for key Febe_456
WARNING (compute-mfcc-feats[5.5.49~4-396c7]:Read():wave-reader.cc:260) Expected 90128 bytes in RIFF chunk, but after first data block there will be 38 + 81358 bytes (we do not support reading multiple data chunks).
VLOG[2] (compute-mfcc-feats[5.5.49~4-396c7]:main():compute-mfcc-feats.cc:173) Processed features for key Febe_678
WARNING (compute-mfcc-feats[5.5.49~4-396c7]:Read():wave-reader.cc:260) Expected 91382 bytes in RIFF chunk, but after first data block there will be 38 + 82612 bytes (we do not support reading multiple data chunks).
VLOG[2] (compute-mfcc-feats[5.5.49~4-396c7]:main():compute-mfcc-feats.cc:173) Processed features for key Febe_789
WARNING (compute-mfcc-feats[5.5.49~4-396c7]:Read():wave-reader.cc:260) Expected 123576 bytes in RIFF chunk, but after first data block there will be 38 + 114810 bytes (we do not support reading multiple data chunks).
LOG (compute-mfcc-feats[5.5.49~4-396c7]:main():compute-mfcc-feats.cc:172) Processed 60 utterances
VLOG[2] (compute-mfcc-feats[5.5.49~4-396c7]:main():compute-mfcc-feats.cc:173) Processed features for key Febe_879
WARNING (compute-mfcc-feats[5.5.49~4-396c7]:Read():wave-reader.cc:260) Expected 109528 bytes in RIFF chunk, but after first data block there will be 38 + 99860 bytes (we do not support reading multiple data chunks).
VLOG[2] (compute-mfcc-feats[5.5.49~4-396c7]:main():compute-mfcc-feats.cc:173) Processed features for key Grace_113
WARNING (compute-mfcc-feats[5.5.49~4-396c7]:Read():wave-reader.cc:260) Expected 112288 bytes in RIFF chunk, but after first data block there will be 38 + 103518 bytes (we do not support reading multiple data chunks).
VLOG[2] (compute-mfcc-feats[5.5.49~4-396c7]:main():compute-mfcc-feats.cc:173) Processed features for key Grace_123
WARNING (compute-mfcc-feats[5.5.49~4-396c7]:Read():wave-reader.cc:260) Expected 114852 bytes in RIFF chunk, but after first data block there will be 38 + 106082 bytes (we do not support reading multiple data chunks).
VLOG[2] (compute-mfcc-feats[5.5.49~4-396c7]:main():compute-mfcc-feats.cc:173) Processed features for key Grace_234
WARNING (compute-mfcc-feats[5.5.49~4-396c7]:Read():wave-reader.cc:260) Expected 97394 bytes in RIFF chunk, but after first data block there will be 38 + 87728 bytes (we do not support reading multiple data chunks).
VLOG[2] (compute-mfcc-feats[5.5.49~4-396c7]:main():compute-mfcc-feats.cc:173) Processed features for key Grace_291
WARNING (compute-mfcc-feats[5.5.49~4-396c7]:Read():wave-reader.cc:260) Expected 101146 bytes in RIFF chunk, but after first data block there will be 38 + 92376 bytes (we do not support reading multiple data chunks).
VLOG[2] (compute-mfcc-feats[5.5.49~4-396c7]:main():compute-mfcc-feats.cc:173) Processed features for key Grace_345
WARNING (compute-mfcc-feats[5.5.49~4-396c7]:Read():wave-reader.cc:260) Expected 104230 bytes in RIFF chunk, but after first data block there will be 38 + 94562 bytes (we do not support reading multiple data chunks).
VLOG[2] (compute-mfcc-feats[5.5.49~4-396c7]:main():compute-mfcc-feats.cc:173) Processed features for key Grace_415
WARNING (compute-mfcc-feats[5.5.49~4-396c7]:Read():wave-reader.cc:260) Expected 100490 bytes in RIFF chunk, but after first data block there will be 38 + 91718 bytes (we do not support reading multiple data chunks).
VLOG[2] (compute-mfcc-feats[5.5.49~4-396c7]:main():compute-mfcc-feats.cc:173) Processed features for key Grace_582
WARNING (compute-mfcc-feats[5.5.49~4-396c7]:Read():wave-reader.cc:260) Expected 85614 bytes in RIFF chunk, but after first data block there will be 38 + 76842 bytes (we do not support reading multiple data chunks).
VLOG[2] (compute-mfcc-feats[5.5.49~4-396c7]:main():compute-mfcc-feats.cc:173) Processed features for key Grace_753
WARNING (compute-mfcc-feats[5.5.49~4-396c7]:Read():wave-reader.cc:260) Expected 92028 bytes in RIFF chunk, but after first data block there will be 38 + 83256 bytes (we do not support reading multiple data chunks).
VLOG[2] (compute-mfcc-feats[5.5.49~4-396c7]:main():compute-mfcc-feats.cc:173) Processed features for key Grace_891
WARNING (compute-mfcc-feats[5.5.49~4-396c7]:Read():wave-reader.cc:260) Expected 92800 bytes in RIFF chunk, but after first data block there will be 38 + 84030 bytes (we do not support reading multiple data chunks).
LOG (compute-mfcc-feats[5.5.49~4-396c7]:main():compute-mfcc-feats.cc:172) Processed 70 utterances
VLOG[2] (compute-mfcc-feats[5.5.49~4-396c7]:main():compute-mfcc-feats.cc:173) Processed features for key Grace_967
WARNING (compute-mfcc-feats[5.5.49~4-396c7]:Read():wave-reader.cc:260) Expected 89358 bytes in RIFF chunk, but after first data block there will be 38 + 81792 bytes (we do not support reading multiple data chunks).
VLOG[2] (compute-mfcc-feats[5.5.49~4-396c7]:main():compute-mfcc-feats.cc:173) Processed features for key Hannah_102
WARNING (compute-mfcc-feats[5.5.49~4-396c7]:Read():wave-reader.cc:260) Expected 89294 bytes in RIFF chunk, but after first data block there will be 38 + 81728 bytes (we do not support reading multiple data chunks).
VLOG[2] (compute-mfcc-feats[5.5.49~4-396c7]:main():compute-mfcc-feats.cc:173) Processed features for key Hannah_132
WARNING (compute-mfcc-feats[5.5.49~4-396c7]:Read():wave-reader.cc:260) Expected 87566 bytes in RIFF chunk, but after first data block there will be 38 + 80000 bytes (we do not support reading multiple data chunks).
VLOG[2] (compute-mfcc-feats[5.5.49~4-396c7]:main():compute-mfcc-feats.cc:173) Processed features for key Hannah_201
WARNING (compute-mfcc-feats[5.5.49~4-396c7]:Read():wave-reader.cc:260) Expected 90708 bytes in RIFF chunk, but after first data block there will be 38 + 83142 bytes (we do not support reading multiple data chunks).
VLOG[2] (compute-mfcc-feats[5.5.49~4-396c7]:main():compute-mfcc-feats.cc:173) Processed features for key Hannah_234
WARNING (compute-mfcc-feats[5.5.49~4-396c7]:Read():wave-reader.cc:260) Expected 93032 bytes in RIFF chunk, but after first data block there will be 38 + 85466 bytes (we do not support reading multiple data chunks).
VLOG[2] (compute-mfcc-feats[5.5.49~4-396c7]:main():compute-mfcc-feats.cc:173) Processed features for key Hannah_245
WARNING (compute-mfcc-feats[5.5.49~4-396c7]:Read():wave-reader.cc:260) Expected 91794 bytes in RIFF chunk, but after first data block there will be 38 + 84228 bytes (we do not support reading multiple data chunks).
VLOG[2] (compute-mfcc-feats[5.5.49~4-396c7]:main():compute-mfcc-feats.cc:173) Processed features for key Hannah_457
WARNING (compute-mfcc-feats[5.5.49~4-396c7]:Read():wave-reader.cc:260) Expected 88424 bytes in RIFF chunk, but after first data block there will be 38 + 80858 bytes (we do not support reading multiple data chunks).
VLOG[2] (compute-mfcc-feats[5.5.49~4-396c7]:main():compute-mfcc-feats.cc:173) Processed features for key Hannah_718
WARNING (compute-mfcc-feats[5.5.49~4-396c7]:Read():wave-reader.cc:260) Expected 92124 bytes in RIFF chunk, but after first data block there will be 38 + 84558 bytes (we do not support reading multiple data chunks).
VLOG[2] (compute-mfcc-feats[5.5.49~4-396c7]:main():compute-mfcc-feats.cc:173) Processed features for key Hannah_768
WARNING (compute-mfcc-feats[5.5.49~4-396c7]:Read():wave-reader.cc:260) Expected 89716 bytes in RIFF chunk, but after first data block there will be 38 + 82150 bytes (we do not support reading multiple data chunks).
VLOG[2] (compute-mfcc-feats[5.5.49~4-396c7]:main():compute-mfcc-feats.cc:173) Processed features for key Hannah_802
WARNING (compute-mfcc-feats[5.5.49~4-396c7]:Read():wave-reader.cc:260) Expected 80782 bytes in RIFF chunk, but after first data block there will be 38 + 73216 bytes (we do not support reading multiple data chunks).
LOG (compute-mfcc-feats[5.5.49~4-396c7]:main():compute-mfcc-feats.cc:172) Processed 80 utterances
VLOG[2] (compute-mfcc-feats[5.5.49~4-396c7]:main():compute-mfcc-feats.cc:173) Processed features for key Hannah_932
LOG (compute-mfcc-feats[5.5.49~4-396c7]:main():compute-mfcc-feats.cc:176)  Done 80 out of 80 utterances.
LOG (copy-feats[5.5.49~4-396c7]:main():copy-feats.cc:143) Copied 80 feature matrices.
# Accounting: time=2 threads=1
# Ended (code 0) at Mon Oct  1 02:14:17 CST 2018, elapsed time 2 seconds
