# gunzip -c exp/tri1/decode/depth_stats_tmp.*.gz | steps/diagnostic/analyze_lattice_depth_stats.py exp/tri1/graph 
# Started at Mon Oct  1 02:15:43 CST 2018
#
The total amount of data analyzed assuming 100 frames per second is 0.0 hours
Overall, lattice depth (10,50,90-percentile)=(1,1,1) and mean=1.2
Nonsilence phones as a group account for 56.4% of frames, with lattice depth (10,50,90-percentile)=(1,1,2) and mean=1.2
Phone sil accounts for 43.6% of frames, with lattice depth (10,50,90-percentile)=(1,1,1) and mean=1.1
Phone ay_I accounts for 5.5% of frames, with lattice depth (10,50,90-percentile)=(1,1,1) and mean=1.1
Phone f_B accounts for 4.5% of frames, with lattice depth (10,50,90-percentile)=(1,1,1) and mean=1.1
Phone ah_I accounts for 4.1% of frames, with lattice depth (10,50,90-percentile)=(1,1,1) and mean=1.1
Phone n_E accounts for 4.1% of frames, with lattice depth (10,50,90-percentile)=(1,1,2) and mean=1.2
Phone t_E accounts for 3.4% of frames, with lattice depth (10,50,90-percentile)=(1,1,1) and mean=1.3
Phone uw_E accounts for 3.4% of frames, with lattice depth (10,50,90-percentile)=(1,1,2) and mean=1.3
Phone ao_I accounts for 2.8% of frames, with lattice depth (10,50,90-percentile)=(1,1,2) and mean=1.1
Phone t_B accounts for 2.8% of frames, with lattice depth (10,50,90-percentile)=(1,1,1) and mean=1.1
Phone w_B accounts for 2.7% of frames, with lattice depth (10,50,90-percentile)=(1,1,1) and mean=1.0
Phone ey_B accounts for 2.6% of frames, with lattice depth (10,50,90-percentile)=(1,1,1) and mean=1.1
Phone v_I accounts for 2.2% of frames, with lattice depth (10,50,90-percentile)=(1,1,2) and mean=1.2
Phone s_B accounts for 2.1% of frames, with lattice depth (10,50,90-percentile)=(1,1,2) and mean=1.2
Phone r_I accounts for 2.0% of frames, with lattice depth (10,50,90-percentile)=(1,1,2) and mean=1.2
Phone iy_I accounts for 1.8% of frames, with lattice depth (10,50,90-percentile)=(1,1,1) and mean=1.2
Phone iy_E accounts for 1.6% of frames, with lattice depth (10,50,90-percentile)=(1,1,4) and mean=1.7
Phone v_E accounts for 1.4% of frames, with lattice depth (10,50,90-percentile)=(1,1,4) and mean=2.2
Phone s_E accounts for 1.3% of frames, with lattice depth (10,50,90-percentile)=(1,2,3) and mean=1.8
Phone z_B accounts for 1.3% of frames, with lattice depth (10,50,90-percentile)=(1,1,2) and mean=1.3
Phone th_B accounts for 1.2% of frames, with lattice depth (10,50,90-percentile)=(1,1,4) and mean=1.6
Phone n_B accounts for 1.2% of frames, with lattice depth (10,50,90-percentile)=(1,1,1) and mean=1.0
Phone eh_I accounts for 1.1% of frames, with lattice depth (10,50,90-percentile)=(1,1,2) and mean=1.1
Phone ih_I accounts for 1.0% of frames, with lattice depth (10,50,90-percentile)=(1,1,1) and mean=1.0
Phone k_I accounts for 0.9% of frames, with lattice depth (10,50,90-percentile)=(1,1,1) and mean=1.1
Phone r_E accounts for 0.7% of frames, with lattice depth (10,50,90-percentile)=(1,1,1) and mean=1.0
Phone ow_E accounts for 0.6% of frames, with lattice depth (10,50,90-percentile)=(1,1,4) and mean=1.6
# Accounting: time=0 threads=1
# Ended (code 0) at Mon Oct  1 02:15:43 CST 2018, elapsed time 0 seconds
